<?xml version="1.0" encoding="UTF-8"?>
<testng-results skipped="0" failed="0" ignored="0" total="1" passed="1">
  <reporter-output>
  </reporter-output>
  <suite name="Default suite" duration-ms="16913" started-at="2020-05-29T06:19:15Z" finished-at="2020-05-29T06:19:32Z">
    <groups>
    </groups>
    <test name="Default test" duration-ms="16913" started-at="2020-05-29T06:19:15Z" finished-at="2020-05-29T06:19:32Z">
      <class name="com.testFacebook.TestPOMFBSignup">
        <test-method status="PASS" signature="openBrowser()[pri:0, instance:com.testFacebook.TestPOMFBSignup@64485a47]" name="openBrowser" is-config="true" duration-ms="14894" started-at="2020-05-29T06:19:15Z" finished-at="2020-05-29T06:19:30Z">
          <reporter-output>
          </reporter-output>
        </test-method> <!-- openBrowser -->
        <test-method status="PASS" signature="Signup()[pri:0, instance:com.testFacebook.TestPOMFBSignup@64485a47]" name="Signup" duration-ms="1993" started-at="2020-05-29T06:19:30Z" finished-at="2020-05-29T06:19:32Z">
          <reporter-output>
          </reporter-output>
        </test-method> <!-- Signup -->
        <test-method status="PASS" signature="closeBrowser()[pri:0, instance:com.testFacebook.TestPOMFBSignup@64485a47]" name="closeBrowser" is-config="true" duration-ms="1" started-at="2020-05-29T06:19:32Z" finished-at="2020-05-29T06:19:32Z">
          <reporter-output>
          </reporter-output>
        </test-method> <!-- closeBrowser -->
      </class> <!-- com.testFacebook.TestPOMFBSignup -->
    </test> <!-- Default test -->
  </suite> <!-- Default suite -->
</testng-results>
